2025-07-11 11:26:33,109 - INFO - Starting NEAT Racing Simulation
2025-07-11 11:26:33,110 - INFO - Screen dimensions: 1400x800
2025-07-11 11:26:33,110 - INFO - FPS: 60
2025-07-11 11:26:33,110 - INFO - Max generations: 300
2025-07-11 11:26:33,110 - INFO - Generation time limit: 60s
2025-07-11 11:26:33,120 - INFO - NEAT configuration loaded successfully
2025-07-11 11:26:33,126 - INFO - Population initialized
2025-07-11 11:26:33,126 - INFO - CustomReporter initialized
2025-07-11 11:26:33,126 - INFO - Reporters added to population
2025-07-11 11:26:33,126 - INFO - Starting evolution process
2025-07-11 11:26:33,126 - INFO - 
****** Starting generation 0 ******
2025-07-11 11:26:33,131 - INFO - 
==================================================
2025-07-11 11:26:33,131 - INFO - Starting generation 0
2025-07-11 11:26:33,142 - INFO - Species distribution: {1: 100}
2025-07-11 11:26:39,465 - INFO - Show sensors toggled: True
2025-07-11 11:26:39,880 - INFO - Show sensors toggled: False
2025-07-11 11:26:45,334 - INFO - Show network toggled: True
2025-07-11 11:26:47,577 - INFO - Car died from inactivity
2025-07-11 11:26:47,577 - INFO - Car died from inactivity
2025-07-11 11:26:47,578 - INFO - Car died from inactivity
2025-07-11 11:26:47,578 - INFO - Car died from inactivity
2025-07-11 11:26:47,579 - INFO - Car died from inactivity
2025-07-11 11:26:47,579 - INFO - Car died from inactivity
2025-07-11 11:26:47,579 - INFO - Car died from inactivity
2025-07-11 11:26:47,580 - INFO - Car died from inactivity
2025-07-11 11:26:47,580 - INFO - Car died from inactivity
2025-07-11 11:26:47,580 - INFO - Car died from inactivity
2025-07-11 11:26:47,580 - INFO - Car died from inactivity
2025-07-11 11:26:47,580 - INFO - Car died from inactivity
2025-07-11 11:26:47,580 - INFO - Car died from inactivity
2025-07-11 11:26:47,580 - INFO - Car died from inactivity
2025-07-11 11:26:47,582 - INFO - Car died from inactivity
2025-07-11 11:26:47,582 - INFO - Car died from inactivity
2025-07-11 11:26:47,582 - INFO - Car died from inactivity
2025-07-11 11:26:47,582 - INFO - Car died from inactivity
2025-07-11 11:26:47,583 - INFO - Car died from inactivity
2025-07-11 11:26:47,583 - INFO - Car died from inactivity
2025-07-11 11:26:47,583 - INFO - Car died from inactivity
2025-07-11 11:26:47,584 - INFO - Car died from inactivity
2025-07-11 11:26:47,584 - INFO - Car died from inactivity
2025-07-11 11:26:47,584 - INFO - Car died from inactivity
2025-07-11 11:26:47,584 - INFO - Car died from inactivity
2025-07-11 11:26:47,585 - INFO - Car died from inactivity
2025-07-11 11:26:47,585 - INFO - Car died from inactivity
2025-07-11 11:26:47,585 - INFO - Car died from inactivity
2025-07-11 11:26:47,585 - INFO - Car died from inactivity
2025-07-11 11:26:47,587 - INFO - Car died from inactivity
2025-07-11 11:26:47,587 - INFO - Car died from inactivity
2025-07-11 11:26:47,587 - INFO - Car died from inactivity
2025-07-11 11:26:47,588 - INFO - Car died from inactivity
2025-07-11 11:26:47,588 - INFO - Car died from inactivity
2025-07-11 11:26:47,588 - INFO - Car died from inactivity
2025-07-11 11:26:47,588 - INFO - Car died from inactivity
2025-07-11 11:26:47,589 - INFO - Car died from inactivity
2025-07-11 11:26:47,589 - INFO - Car died from inactivity
2025-07-11 11:26:47,589 - INFO - Car died from inactivity
2025-07-11 11:26:47,789 - INFO - Car died from inactivity
2025-07-11 11:26:48,318 - INFO - Show network toggled: False
2025-07-11 11:26:48,790 - INFO - Show sensors toggled: True
2025-07-11 11:26:48,847 - INFO - Car died from inactivity
2025-07-11 11:26:49,083 - INFO - Show sensors toggled: False
2025-07-11 11:26:49,395 - INFO - Show sensors toggled: True
2025-07-11 11:26:49,638 - INFO - Car died from inactivity
2025-07-11 11:26:49,662 - INFO - Show sensors toggled: False
2025-07-11 11:26:49,872 - INFO - Show sensors toggled: True
2025-07-11 11:26:50,055 - INFO - Show sensors toggled: False
2025-07-11 11:26:50,237 - INFO - Show sensors toggled: True
2025-07-11 11:26:50,403 - INFO - Show sensors toggled: False
2025-07-11 11:26:50,584 - INFO - Show sensors toggled: True
2025-07-11 11:26:50,696 - INFO - Car died from inactivity
2025-07-11 11:26:50,772 - INFO - Show sensors toggled: False
2025-07-11 11:26:50,959 - INFO - Show sensors toggled: True
2025-07-11 11:26:51,066 - INFO - Car died from inactivity
2025-07-11 11:26:51,171 - INFO - Show sensors toggled: False
2025-07-11 11:26:51,380 - INFO - Show sensors toggled: True
2025-07-11 11:26:51,437 - INFO - Car died from inactivity
2025-07-11 11:26:51,591 - INFO - Show sensors toggled: False
2025-07-11 11:26:51,800 - INFO - Show sensors toggled: True
2025-07-11 11:26:52,012 - INFO - Show sensors toggled: False
2025-07-11 11:26:52,066 - INFO - Car died from inactivity
2025-07-11 11:26:52,068 - INFO - Car died from inactivity
2025-07-11 11:26:52,193 - INFO - Show sensors toggled: True
2025-07-11 11:26:52,426 - INFO - Show sensors toggled: False
2025-07-11 11:26:52,532 - INFO - Car died from inactivity
2025-07-11 11:26:52,609 - INFO - Show sensors toggled: True
2025-07-11 11:26:52,817 - INFO - Show sensors toggled: False
2025-07-11 11:26:52,994 - INFO - Show sensors toggled: True
2025-07-11 11:26:53,201 - INFO - Show sensors toggled: False
2025-07-11 11:26:53,383 - INFO - Show sensors toggled: True
2025-07-11 11:26:53,566 - INFO - Show sensors toggled: False
2025-07-11 11:26:53,770 - INFO - Show sensors toggled: True
2025-07-11 11:26:54,106 - INFO - Car died from inactivity
2025-07-11 11:26:54,157 - INFO - Show sensors toggled: False
2025-07-11 11:26:56,537 - INFO - Manual generation advance: ON
2025-07-11 11:26:56,616 - INFO - Car died from inactivity
2025-07-11 11:26:56,793 - INFO - Manually advancing to next generation
2025-07-11 11:26:56,818 - INFO - 
Generation 0 results:
2025-07-11 11:26:56,818 - INFO -   Best fitness: 1059.93
2025-07-11 11:26:56,818 - INFO -   Average fitness: 744.39
2025-07-11 11:26:56,818 - INFO -   Cars alive at end: 50/100
2025-07-11 11:26:56,818 - INFO -   Maximum laps completed: 0
2025-07-11 11:26:56,819 - INFO -   Best checkpoint reached: 0/4
2025-07-11 11:26:56,820 - INFO - NEW GLOBAL BEST: Fitness 1059.93
2025-07-11 11:26:56,821 - INFO - Saved best genome from generation 0
2025-07-11 11:26:56,822 - INFO - Best genome 99 in species 1 with fitness 1059.93
2025-07-11 11:26:56,829 - ERROR - Error during evolution: don't know how to coerce float and NoneType
Traceback (most recent call last):
  File "D:\NITK\monaco\m2.py", line 1461, in <module>
    winner = pop.run(eval_genomes, GENERATIONS)
  File "D:\NITK\monaco\venv\lib\site-packages\neat\population.py", line 129, in run
    self.reporters.end_generation(self.config, self.population, self.species)
  File "D:\NITK\monaco\venv\lib\site-packages\neat\reporting.py", line 36, in end_generation
    r.end_generation(config, population, species_set)
  File "D:\NITK\monaco\m2.py", line 1108, in end_generation
    fit_mean = mean(fitnesses) if fitnesses else 0
  File "C:\Program Files\WindowsApps\PythonSoftwareFoundation.Python.3.10_3.10.3056.0_x64__qbz5n2kfra8p0\lib\statistics.py", line 329, in mean
    T, total, count = _sum(data)
  File "C:\Program Files\WindowsApps\PythonSoftwareFoundation.Python.3.10_3.10.3056.0_x64__qbz5n2kfra8p0\lib\statistics.py", line 187, in _sum
    T = _coerce(T, typ)  # or raise TypeError
  File "C:\Program Files\WindowsApps\PythonSoftwareFoundation.Python.3.10_3.10.3056.0_x64__qbz5n2kfra8p0\lib\statistics.py", line 237, in _coerce
    raise TypeError(msg % (T.__name__, S.__name__))
TypeError: don't know how to coerce float and NoneType
2025-07-11 11:26:56,903 - INFO - Simulation ended
